0 info it worked if it ends with ok
1 verbose cli [ '/home/spelkington/anaconda3/bin/node',
1 verbose cli   '/home/spelkington/anaconda3/bin/npm',
1 verbose cli   'run',
1 verbose cli   'watch' ]
2 info using npm@3.10.10
3 info using node@v6.13.1
4 verbose run-script [ 'prewatch', 'watch', 'postwatch' ]
5 info lifecycle pointy-pal@1.0.0~prewatch: pointy-pal@1.0.0
6 silly lifecycle pointy-pal@1.0.0~prewatch: no script for prewatch, continuing
7 info lifecycle pointy-pal@1.0.0~watch: pointy-pal@1.0.0
8 verbose lifecycle pointy-pal@1.0.0~watch: unsafe-perm in lifecycle true
9 verbose lifecycle pointy-pal@1.0.0~watch: PATH: /home/spelkington/anaconda3/lib/node_modules/npm/bin/node-gyp-bin:/home/spelkington/Repositories/triangle/pointy-pal/node_modules/.bin:/home/spelkington/anaconda3/bin:/home/spelkington/anaconda3/condabin:/usr/local/sbin:/usr/local/bin:/usr/sbin:/usr/bin:/sbin:/bin:/usr/games:/usr/local/games:/snap/bin
10 verbose lifecycle pointy-pal@1.0.0~watch: CWD: /home/spelkington/Repositories/triangle/pointy-pal
11 silly lifecycle pointy-pal@1.0.0~watch: Args: [ '-c', 'tsc -p tsconfig.json -w' ]
12 silly lifecycle pointy-pal@1.0.0~watch: Returned: code: 1  signal: null
13 info lifecycle pointy-pal@1.0.0~watch: Failed to exec watch script
14 verbose stack Error: pointy-pal@1.0.0 watch: `tsc -p tsconfig.json -w`
14 verbose stack Exit status 1
14 verbose stack     at EventEmitter.<anonymous> (/home/spelkington/anaconda3/lib/node_modules/npm/lib/utils/lifecycle.js:255:16)
14 verbose stack     at emitTwo (events.js:106:13)
14 verbose stack     at EventEmitter.emit (events.js:191:7)
14 verbose stack     at ChildProcess.<anonymous> (/home/spelkington/anaconda3/lib/node_modules/npm/lib/utils/spawn.js:40:14)
14 verbose stack     at emitTwo (events.js:106:13)
14 verbose stack     at ChildProcess.emit (events.js:191:7)
14 verbose stack     at maybeClose (internal/child_process.js:920:16)
14 verbose stack     at Process.ChildProcess._handle.onexit (internal/child_process.js:230:5)
15 verbose pkgid pointy-pal@1.0.0
16 verbose cwd /home/spelkington/Repositories/triangle/pointy-pal
17 error Linux 5.3.0-64-generic
18 error argv "/home/spelkington/anaconda3/bin/node" "/home/spelkington/anaconda3/bin/npm" "run" "watch"
19 error node v6.13.1
20 error npm  v3.10.10
21 error code ELIFECYCLE
22 error pointy-pal@1.0.0 watch: `tsc -p tsconfig.json -w`
22 error Exit status 1
23 error Failed at the pointy-pal@1.0.0 watch script 'tsc -p tsconfig.json -w'.
23 error Make sure you have the latest version of node.js and npm installed.
23 error If you do, this is most likely a problem with the pointy-pal package,
23 error not with npm itself.
23 error Tell the author that this fails on your system:
23 error     tsc -p tsconfig.json -w
23 error You can get information on how to open an issue for this project with:
23 error     npm bugs pointy-pal
23 error Or if that isn't available, you can get their info via:
23 error     npm owner ls pointy-pal
23 error There is likely additional logging output above.
24 verbose exit [ 1, true ]
